^CError: Valid fiscalYear is required
    at halfYearRange (C:\Users\Lenovo\Downloads\SemifinalMSME\msme-guard\backend\services\mcaMsme1.service.js:38:21)
    at Object.buildPreview (C:\Users\Lenovo\Downloads\SemifinalMSME\msme-guard\backend\services\mcaMsme1.service.js:260:17)
    at preview (C:\Users\Lenovo\Downloads\SemifinalMSME\msme-guard\backend\controllers\mcaMsme1Controller.js:9:56)
    at Layer.handleRequest (C:\Users\Lenovo\Downloads\SemifinalMSME\msme-guard\node_modules\router\lib\layer.js:152:17)
    at next (C:\Users\Lenovo\Downloads\SemifinalMSME\msme-guard\node_modules\router\lib\route.js:157:13)
    at Route.dispatch (C:\Users\Lenovo\Downloads\SemifinalMSME\msme-guard\node_modules\router\lib\route.js:117:3)
    at handle (C:\Users\Lenovo\Downloads\SemifinalMSME\msme-guard\node_modules\router\index.js:435:11)
    at Layer.handleRequest (C:\Users\Lenovo\Downloads\SemifinalMSME\msme-guard\node_modules\router\lib\layer.js:152:17)
    at C:\Users\Lenovo\Downloads\SemifinalMSME\msme-guard\node_modules\router\index.js:295:15
    at processParams (C:\Users\Lenovo\Downloads\SemifinalMSME\msme-guard\node_modules\router\index.js:582:12)
Error: Valid fiscalYear is required
    at halfYearRange (C:\Users\Lenovo\Downloads\SemifinalMSME\msme-guard\backend\services\mcaMsme1.service.js:38:21)
    at Object.buildPreview (C:\Users\Lenovo\Downloads\SemifinalMSME\msme-guard\backend\services\mcaMsme1.service.js:260:17)
    at preview (C:\Users\Lenovo\Downloads\SemifinalMSME\msme-guard\backend\controllers\mcaMsme1Controller.js:9:56)
    at Layer.handleRequest (C:\Users\Lenovo\Downloads\SemifinalMSME\msme-guard\node_modules\router\lib\layer.js:152:17)
    at next (C:\Users\Lenovo\Downloads\SemifinalMSME\msme-guard\node_modules\router\lib\route.js:157:13)
    at Route.dispatch (C:\Users\Lenovo\Downloads\SemifinalMSME\msme-guard\node_modules\router\lib\route.js:117:3)
    at handle (C:\Users\Lenovo\Downloads\SemifinalMSME\msme-guard\node_modules\router\index.js:435:11)
    at Layer.handleRequest (C:\Users\Lenovo\Downloads\SemifinalMSME\msme-guard\node_modules\router\lib\layer.js:152:17)
    at C:\Users\Lenovo\Downloads\SemifinalMSME\msme-guard\node_modules\router\index.js:295:15
    at processParams (C:\Users\Lenovo\Downloads\SemifinalMSME\msme-guard\node_modules\router\index.js:582:12)
Error: Valid fiscalYear is required
    at halfYearRange (C:\Users\Lenovo\Downloads\SemifinalMSME\msme-guard\backend\services\mcaMsme1.service.js:38:21)
    at Object.buildPreview (C:\Users\Lenovo\Downloads\SemifinalMSME\msme-guard\backend\services\mcaMsme1.service.js:260:17)
    at preview (C:\Users\Lenovo\Downloads\SemifinalMSME\msme-guard\backend\controllers\mcaMsme1Controller.js:9:56)
    at Layer.handleRequest (C:\Users\Lenovo\Downloads\SemifinalMSME\msme-guard\node_modules\router\lib\layer.js:152:17)
    at next (C:\Users\Lenovo\Downloads\SemifinalMSME\msme-guard\node_modules\router\lib\route.js:157:13)
    at Route.dispatch (C:\Users\Lenovo\Downloads\SemifinalMSME\msme-guard\node_modules\router\lib\route.js:117:3)
    at handle (C:\Users\Lenovo\Downloads\SemifinalMSME\msme-guard\node_modules\router\index.js:435:11)
    at Layer.handleRequest (C:\Users\Lenovo\Downloads\SemifinalMSME\msme-guard\node_modules\router\lib\layer.js:152:17)
    at C:\Users\Lenovo\Downloads\SemifinalMSME\msme-guard\node_modules\router\index.js:295:15
    at processParams (C:\Users\Lenovo\Downloads\SemifinalMSME\msme-guard\node_modules\router\index.js:582:12)
